<?xml version="1.0" encoding="UTF-8"?>
<!-- Generated by org.testng.reporters.JUnitXMLReporter -->
<testsuite ignored="2" hostname="TYSS-Chaithra" failures="0" tests="2" name="Test" time="81.65" errors="0" timestamp="2024-03-13T15:23:18 IST">
  <testcase classname="contactsTests.CreateNewContactTest" name="createNewContactWithMandatoryfields" time="23.858"/>
  <testcase classname="contactsTests.CreateContactWithLeadSourceTest" name="createContactWithLead" time="21.888"/>
  <testcase classname="genericUtilities.BaseClass" name="@BeforeSuite bsConfig" time="0.0">
    <ignored/>
  </testcase> <!-- @BeforeSuite bsConfig -->
  <testcase classname="genericUtilities.BaseClass" name="@AfterSuite asConfig" time="0.0">
    <ignored/>
  </testcase> <!-- @AfterSuite asConfig -->
</testsuite> <!-- Test -->
